<?xml version="1.0" encoding="UTF-8"?>
<testsuite name="org.hyperledger.fabric.javaapp.AppTest" tests="1" skipped="0" failures="0" errors="0" timestamp="2019-02-14T14:34:23" hostname="matthew-VirtualBox" time="0.002">
  <properties/>
  <testcase name="testAppHasAGreeting" classname="org.hyperledger.fabric.javaapp.AppTest" time="0.002"/>
  <system-out><![CDATA[]]></system-out>
  <system-err><![CDATA[]]></system-err>
</testsuite>
